<?xml version="1.0" encoding="UTF-8"?>
<testsuite xmlns:xsi="http://www.w3.org/2001/XMLSchema-instance" xsi:noNamespaceSchemaLocation="https://maven.apache.org/surefire/maven-surefire-plugin/xsd/surefire-test-report.xsd" name="AnimalTreeTest" time="0.063" tests="3" errors="0" skipped="0" failures="0">
  <properties>
[...]
</properties>
  <testcase name="ContainsOneAddedAnimal" classname="AnimalTreeTest" time="0.047"/>
  <testcase name="ContainsTwoAddedAnimal" classname="AnimalTreeTest" time="0"/>
  <testcase name="DoesNotContainAnimal" classname="AnimalTreeTest" time="0"/>
</testsuite>